<?xml version="1.0" encoding="utf-8"?><testsuites name="pytest tests"><testsuite name="pytest" errors="0" failures="0" skipped="0" tests="9" time="2.680" timestamp="2026-05-07T22:25:57.091674+00:00" hostname="agent-env-797228fe-c284-4aa7-b31d-1542a400cbe5"><testcase classname="backend.tests.test_match_rest" name="test_state_idle" time="0.985" /><testcase classname="backend.tests.test_match_rest" name="test_queue_and_pair" time="0.168" /><testcase classname="backend.tests.test_match_rest" name="test_accept_both_to_in_progress" time="0.170" /><testcase classname="backend.tests.test_match_rest" name="test_round_reporting_full_set_a_wins" time="0.333" /><testcase classname="backend.tests.test_match_rest" name="test_rematch_starts_new_match" time="0.162" /><testcase classname="backend.tests.test_match_rest" name="test_reject_resets_both" time="0.381" /><testcase classname="backend.tests.test_match_rest" name="test_cancel_queue_alone" time="0.114" /><testcase classname="backend.tests.test_match_rest" name="test_idempotent_accept_without_match" time="0.063" /><testcase classname="backend.tests.test_match_rest" name="test_unauth_blocked" time="0.228" /></testsuite></testsuites>