<?xml version="1.0" encoding="utf-8"?><testsuites name="pytest tests"><testsuite name="pytest" errors="0" failures="1" skipped="0" tests="25" time="8.587" timestamp="2026-05-07T21:36:28.062553+00:00" hostname="agent-env-797228fe-c284-4aa7-b31d-1542a400cbe5"><testcase classname="tests.test_sparking_zero.TestAuth" name="test_register_invalid_platform" time="0.319" /><testcase classname="tests.test_sparking_zero.TestAuth" name="test_register_duplicate" time="1.122" /><testcase classname="tests.test_sparking_zero.TestAuth" name="test_login_success" time="0.353" /><testcase classname="tests.test_sparking_zero.TestAuth" name="test_login_invalid" time="0.416" /><testcase classname="tests.test_sparking_zero.TestAuth" name="test_me_with_bearer" time="0.208" /><testcase classname="tests.test_sparking_zero.TestAuth" name="test_me_with_cookie" time="0.667" /><testcase classname="tests.test_sparking_zero.TestAuth" name="test_me_no_auth" time="0.184" /><testcase classname="tests.test_sparking_zero.TestProfile" name="test_update_profile" time="0.268" /><testcase classname="tests.test_sparking_zero.TestProfile" name="test_fighter_name_change_and_lock" time="0.368" /><testcase classname="tests.test_sparking_zero.TestTeams" name="test_create_team" time="0.126" /><testcase classname="tests.test_sparking_zero.TestTeams" name="test_create_team_when_in_team" time="0.140" /><testcase classname="tests.test_sparking_zero.TestTeams" name="test_create_team_duplicate_name" time="0.100" /><testcase classname="tests.test_sparking_zero.TestTeams" name="test_join_team" time="0.133" /><testcase classname="tests.test_sparking_zero.TestTeams" name="test_leave_team" time="0.121" /><testcase classname="tests.test_sparking_zero.TestFriends" name="test_add_friend_and_rival" time="0.224" /><testcase classname="tests.test_sparking_zero.TestFriends" name="test_list_friends" time="0.133" /><testcase classname="tests.test_sparking_zero.TestFriends" name="test_remove_friend" time="0.125" /><testcase classname="tests.test_sparking_zero.TestFriends" name="test_search_users" time="0.140" /><testcase classname="tests.test_sparking_zero.TestLeaderboard" name="test_users_lb" time="0.129" /><testcase classname="tests.test_sparking_zero.TestLeaderboard" name="test_users_lb_pc" time="0.238" /><testcase classname="tests.test_sparking_zero.TestLeaderboard" name="test_teams_lb" time="0.137" /><testcase classname="tests.test_sparking_zero.TestHistory" name="test_history_empty_initially" time="0.126" /><testcase classname="tests.test_sparking_zero" name="test_ws_matchmaking_full_flow" time="0.962"><failure message="AssertionError: u1 delta 7 expected 8&#10;assert 7 == 8">tests/test_sparking_zero.py:281: in test_ws_matchmaking_full_flow
    assert sf_u1["points_delta"] == 8, f"u1 delta {sf_u1['points_delta']} expected 8"
E   AssertionError: u1 delta 7 expected 8
E   assert 7 == 8</failure></testcase><testcase classname="tests.test_sparking_zero" name="test_ws_reject" time="0.599" /><testcase classname="tests.test_sparking_zero" name="test_delete_account_cascade" time="1.123" /></testsuite></testsuites>