<?xml version="1.0" encoding="utf-8"?><testsuites name="pytest tests"><testsuite name="pytest" errors="0" failures="0" skipped="0" tests="25" time="7.915" timestamp="2026-05-07T22:26:05.894116+00:00" hostname="agent-env-797228fe-c284-4aa7-b31d-1542a400cbe5"><testcase classname="backend.tests.test_sparking_zero.TestAuth" name="test_register_invalid_platform" time="0.188" /><testcase classname="backend.tests.test_sparking_zero.TestAuth" name="test_register_duplicate" time="0.962" /><testcase classname="backend.tests.test_sparking_zero.TestAuth" name="test_login_success" time="0.336" /><testcase classname="backend.tests.test_sparking_zero.TestAuth" name="test_login_invalid" time="0.361" /><testcase classname="backend.tests.test_sparking_zero.TestAuth" name="test_me_with_bearer" time="0.118" /><testcase classname="backend.tests.test_sparking_zero.TestAuth" name="test_me_with_cookie" time="0.419" /><testcase classname="backend.tests.test_sparking_zero.TestAuth" name="test_me_no_auth" time="0.124" /><testcase classname="backend.tests.test_sparking_zero.TestProfile" name="test_update_profile" time="0.313" /><testcase classname="backend.tests.test_sparking_zero.TestProfile" name="test_fighter_name_change_and_lock" time="0.241" /><testcase classname="backend.tests.test_sparking_zero.TestTeams" name="test_create_team" time="0.222" /><testcase classname="backend.tests.test_sparking_zero.TestTeams" name="test_create_team_when_in_team" time="0.117" /><testcase classname="backend.tests.test_sparking_zero.TestTeams" name="test_create_team_duplicate_name" time="0.100" /><testcase classname="backend.tests.test_sparking_zero.TestTeams" name="test_join_team" time="0.139" /><testcase classname="backend.tests.test_sparking_zero.TestTeams" name="test_leave_team" time="0.106" /><testcase classname="backend.tests.test_sparking_zero.TestFriends" name="test_add_friend_and_rival" time="0.271" /><testcase classname="backend.tests.test_sparking_zero.TestFriends" name="test_list_friends" time="0.124" /><testcase classname="backend.tests.test_sparking_zero.TestFriends" name="test_remove_friend" time="0.201" /><testcase classname="backend.tests.test_sparking_zero.TestFriends" name="test_search_users" time="0.113" /><testcase classname="backend.tests.test_sparking_zero.TestLeaderboard" name="test_users_lb" time="0.102" /><testcase classname="backend.tests.test_sparking_zero.TestLeaderboard" name="test_users_lb_pc" time="0.131" /><testcase classname="backend.tests.test_sparking_zero.TestLeaderboard" name="test_teams_lb" time="0.122" /><testcase classname="backend.tests.test_sparking_zero.TestHistory" name="test_history_empty_initially" time="0.108" /><testcase classname="backend.tests.test_sparking_zero" name="test_ws_matchmaking_full_flow" time="1.208" /><testcase classname="backend.tests.test_sparking_zero" name="test_ws_reject" time="0.628" /><testcase classname="backend.tests.test_sparking_zero" name="test_delete_account_cascade" time="1.083" /></testsuite></testsuites>